\BOOKMARK [0][-]{chapter.1}{Fondamenti\040di\040Calcolo\040Distribuito}{}% 1
\BOOKMARK [1][-]{section.1.1}{Definizione\040di\040Calcolo\040Distribuito}{chapter.1}% 2
\BOOKMARK [1][-]{section.1.2}{Granularità}{chapter.1}% 3
\BOOKMARK [1][-]{section.1.3}{Parallelismo}{chapter.1}% 4
\BOOKMARK [1][-]{section.1.4}{Modelli\040di\040Calcolo\040Distribuito}{chapter.1}% 5
\BOOKMARK [2][-]{subsection.1.4.1}{Cloud-Computing}{section.1.4}% 6
\BOOKMARK [2][-]{subsection.1.4.2}{Grid-Computing}{section.1.4}% 7
\BOOKMARK [1][-]{section.1.5}{Modello\040Distribuito\040e\040Modello\040Shared\040Memory}{chapter.1}% 8
\BOOKMARK [0][-]{chapter.2}{Architettura\040di\040Calcolo\040Distribuito}{}% 9
\BOOKMARK [1][-]{section.2.1}{Datacenter}{chapter.2}% 10
\BOOKMARK [1][-]{section.2.2}{Hypervisor}{chapter.2}% 11
\BOOKMARK [1][-]{section.2.3}{Gestione\040dello\040storage}{chapter.2}% 12
\BOOKMARK [2][-]{subsection.2.3.1}{RAID}{section.2.3}% 13
\BOOKMARK [2][-]{subsection.2.3.2}{Software\040Defined\040Storage}{section.2.3}% 14
\BOOKMARK [1][-]{section.2.4}{Sistema\040Operativo}{chapter.2}% 15
\BOOKMARK [2][-]{subsection.2.4.1}{Kernel}{section.2.4}% 16
\BOOKMARK [1][-]{section.2.5}{File\040System}{chapter.2}% 17
\BOOKMARK [2][-]{subsection.2.5.1}{AFS}{section.2.5}% 18
\BOOKMARK [2][-]{subsection.2.5.2}{NFS}{section.2.5}% 19
\BOOKMARK [2][-]{subsection.2.5.3}{Coda}{section.2.5}% 20
\BOOKMARK [2][-]{subsection.2.5.4}{GFS}{section.2.5}% 21
\BOOKMARK [0][-]{chapter.3}{Calcolo\040Distribuito\040con\040Hadoop\040e\040Map-Reduce}{}% 22
\BOOKMARK [1][-]{section.3.1}{Storia\040di\040Hadoop}{chapter.3}% 23
\BOOKMARK [1][-]{section.3.2}{Architettura\040di\040Hadoop}{chapter.3}% 24
\BOOKMARK [2][-]{subsection.3.2.1}{HDFS}{section.3.2}% 25
\BOOKMARK [2][-]{subsection.3.2.2}{Yarn}{section.3.2}% 26
\BOOKMARK [2][-]{subsection.3.2.3}{Paradigma\040Map-Reduce}{section.3.2}% 27
\BOOKMARK [1][-]{section.3.3}{Come\040funziona\040un\040Job\040Map\040Reduce}{chapter.3}% 28
\BOOKMARK [2][-]{subsection.3.3.1}{Sottomissione\040del\040Job}{section.3.3}% 29
\BOOKMARK [2][-]{subsection.3.3.2}{Inizializzazione\040del\040job}{section.3.3}% 30
\BOOKMARK [2][-]{subsection.3.3.3}{Esecuzione\040del\040Task}{section.3.3}% 31
\BOOKMARK [2][-]{subsection.3.3.4}{Completamento\040di\040un\040job}{section.3.3}% 32
\BOOKMARK [2][-]{subsection.3.3.5}{Shuffle\040e\040Sort}{section.3.3}% 33
\BOOKMARK [0][-]{chapter.4}{Utilizzo\040di\040Hadoop\040per\040Object\040Detection\040}{}% 34
\BOOKMARK [1][-]{section.4.1}{Descrizione\040del\040problema}{chapter.4}% 35
\BOOKMARK [2][-]{subsection.4.1.1}{SIFT}{section.4.1}% 36
\BOOKMARK [2][-]{subsection.4.1.2}{OpenCV}{section.4.1}% 37
\BOOKMARK [1][-]{section.4.2}{Versione\040Sequenziale}{chapter.4}% 38
\BOOKMARK [1][-]{section.4.3}{Versione\040Distibuita\040con\040Hadoop}{chapter.4}% 39
\BOOKMARK [1][-]{section.4.4}{Analisi\040delle\040prestazioni}{chapter.4}% 40
